<?xml version="1.0" encoding="UTF-8"?>
<!-- Generated by org.testng.reporters.JUnitXMLReporter -->
<testsuite ignored="0" hostname="DESKTOP-ER" failures="0" tests="2" name="Test" time="104.333" errors="0" timestamp="2025-02-07T22:51:02 IST">
  <testcase classname="com.zoodel.generic_android.BaseClassForloginUser" name="@BeforeMethod loginToTheApplication" time="39.493">
    <failure type="org.openqa.selenium.NoSuchElementException" message="Cannot locate an element using By.all({By.xpath: //android.widget.ImageView[@resource-id=&amp;apos;com.zoodel.kz.uat:id/imageview_flashy_banner&amp;apos;]/following-sibling::android.widget.ImageView})
For documentation on this error, please visit: https://www.selenium.dev/documentation/webdriver/troubleshooting/errors#no-such-element-exception
Build info: version: &amp;apos;4.27.0&amp;apos;, revision: &amp;apos;d6e718d134&amp;apos;
System info: os.name: &amp;apos;Windows 11&amp;apos;, os.arch: &amp;apos;amd64&amp;apos;, os.version: &amp;apos;10.0&amp;apos;, java.version: &amp;apos;21.0.4&amp;apos;
Driver info: driver.version: RemoteWebDriver">
      <![CDATA[org.openqa.selenium.NoSuchElementException: Cannot locate an element using By.all({By.xpath: //android.widget.ImageView[@resource-id='com.zoodel.kz.uat:id/imageview_flashy_banner']/following-sibling::android.widget.ImageView})
For documentation on this error, please visit: https://www.selenium.dev/documentation/webdriver/troubleshooting/errors#no-such-element-exception
Build info: version: '4.27.0', revision: 'd6e718d134'
System info: os.name: 'Windows 11', os.arch: 'amd64', os.version: '10.0', java.version: '21.0.4'
Driver info: driver.version: RemoteWebDriver
at org.openqa.selenium.support.pagefactory.ByAll.findElement(ByAll.java:57)
at org.openqa.selenium.remote.ElementLocation$ElementFinder$1.findElement(ElementLocation.java:139)
at org.openqa.selenium.remote.ElementLocation.findElement(ElementLocation.java:59)
at org.openqa.selenium.remote.RemoteWebDriver.findElement(RemoteWebDriver.java:368)
at org.openqa.selenium.remote.RemoteWebDriver.findElement(RemoteWebDriver.java:362)
at org.openqa.selenium.support.pagefactory.DefaultElementLocator.findElement(DefaultElementLocator.java:68)
at org.openqa.selenium.support.pagefactory.internal.LocatingElementHandler.invoke(LocatingElementHandler.java:38)
at jdk.proxy2/jdk.proxy2.$Proxy17.click(Unknown Source)
at com.zoodel.utility.ElementFunctions.clickOnElement(ElementFunctions.java:10)
at com.zoodel.generic_android.BaseClassForloginUser.loginToTheApplication(BaseClassForloginUser.java:62)
at java.base/java.util.ArrayList.forEach(ArrayList.java:1596)
... Removed 29 stack frames]]>
    </failure>
  </testcase> <!-- @BeforeMethod loginToTheApplication -->
  <testcase classname="com.zoodel.generic_android.BaseClassForloginUser" name="@AfterMethod logoutFromTheApplication" time="0.0">
    <skipped/>
  </testcase> <!-- @AfterMethod logoutFromTheApplication -->
  <testcase classname="com.zoodel.generic_android.BaseClassForloginUser" name="@BeforeMethod loginToTheApplication" time="39.636">
    <failure type="org.openqa.selenium.NoSuchElementException" message="Cannot locate an element using By.all({By.xpath: //android.widget.ImageView[@resource-id=&amp;apos;com.zoodel.kz.uat:id/imageview_flashy_banner&amp;apos;]/following-sibling::android.widget.ImageView})
For documentation on this error, please visit: https://www.selenium.dev/documentation/webdriver/troubleshooting/errors#no-such-element-exception
Build info: version: &amp;apos;4.27.0&amp;apos;, revision: &amp;apos;d6e718d134&amp;apos;
System info: os.name: &amp;apos;Windows 11&amp;apos;, os.arch: &amp;apos;amd64&amp;apos;, os.version: &amp;apos;10.0&amp;apos;, java.version: &amp;apos;21.0.4&amp;apos;
Driver info: driver.version: RemoteWebDriver">
      <![CDATA[org.openqa.selenium.NoSuchElementException: Cannot locate an element using By.all({By.xpath: //android.widget.ImageView[@resource-id='com.zoodel.kz.uat:id/imageview_flashy_banner']/following-sibling::android.widget.ImageView})
For documentation on this error, please visit: https://www.selenium.dev/documentation/webdriver/troubleshooting/errors#no-such-element-exception
Build info: version: '4.27.0', revision: 'd6e718d134'
System info: os.name: 'Windows 11', os.arch: 'amd64', os.version: '10.0', java.version: '21.0.4'
Driver info: driver.version: RemoteWebDriver
at org.openqa.selenium.support.pagefactory.ByAll.findElement(ByAll.java:57)
at org.openqa.selenium.remote.ElementLocation$ElementFinder$1.findElement(ElementLocation.java:139)
at org.openqa.selenium.remote.ElementLocation.findElement(ElementLocation.java:59)
at org.openqa.selenium.remote.RemoteWebDriver.findElement(RemoteWebDriver.java:368)
at org.openqa.selenium.remote.RemoteWebDriver.findElement(RemoteWebDriver.java:362)
at org.openqa.selenium.support.pagefactory.DefaultElementLocator.findElement(DefaultElementLocator.java:68)
at org.openqa.selenium.support.pagefactory.internal.LocatingElementHandler.invoke(LocatingElementHandler.java:38)
at jdk.proxy2/jdk.proxy2.$Proxy17.click(Unknown Source)
at com.zoodel.utility.ElementFunctions.clickOnElement(ElementFunctions.java:10)
at com.zoodel.generic_android.BaseClassForloginUser.loginToTheApplication(BaseClassForloginUser.java:62)
at java.base/java.util.ArrayList.forEach(ArrayList.java:1596)
... Removed 29 stack frames]]>
    </failure>
  </testcase> <!-- @BeforeMethod loginToTheApplication -->
  <testcase classname="com.zoodel.generic_android.BaseClassForloginUser" name="@AfterMethod logoutFromTheApplication" time="0.0">
    <skipped/>
  </testcase> <!-- @AfterMethod logoutFromTheApplication -->
  <testcase classname="Login.UserAbleToLoginToZoodApp2" name="userAbleToLoginToZood" time="0.0">
    <skipped/>
  </testcase> <!-- userAbleToLoginToZood -->
  <testcase classname="Login.UserAbleToLoginToZoodApp" name="userAbleToLoginToZood" time="0.0">
    <skipped/>
  </testcase> <!-- userAbleToLoginToZood -->
</testsuite> <!-- Test -->
