<?xml version="1.0" encoding="UTF-8"?>
<!-- Generated by org.testng.reporters.JUnitReportReporter -->
<testsuite hostname="DESKTOP-ER" failures="0" tests="2" name="Login.UserAbleToLoginToZoodApp2" time="39.493" errors="1" timestamp="2025-02-07T22:51:03 IST" skipped="1">
  <testcase classname="Login.UserAbleToLoginToZoodApp2" name="userAbleToLoginToZood" time="0.000">
    <skipped/>
    <system-out>
      <![CDATA[Execution skipped at 07-Feb-2025 10:50:09
Screenshot temp path is C:\Users\ER\AppData\Local\Temp\screenshot11932568422432817510.png
Screenshot permanent path is .\Screenshot\userAbleToLoginToZood07-02-2025 10-50-10.jpg]]>
    </system-out>
  </testcase> <!-- userAbleToLoginToZood -->
  <testcase classname="Login.UserAbleToLoginToZoodApp2" name="loginToTheApplication" time="39.493">
    <error message="Cannot locate an element using By.all({By.xpath: //android.widget.ImageView[@resource-id=&#039;com.zoodel.kz.uat:id/imageview_flashy_banner&#039;]/following-sibling::android.widget.ImageView})
For documentation on this error, please visit: https://www.selenium.dev/documentation/webdriver/troubleshooting/errors#no-such-element-exception
Build info: version: &#039;4.27.0&#039;, revision: &#039;d6e718d134&#039;
System info: os.name: &#039;Windows 11&#039;, os.arch: &#039;amd64&#039;, os.version: &#039;10.0&#039;, java.version: &#039;21.0.4&#039;
Driver info: driver.version: RemoteWebDriver" type="org.openqa.selenium.NoSuchElementException">
      <![CDATA[org.openqa.selenium.NoSuchElementException: Cannot locate an element using By.all({By.xpath: //android.widget.ImageView[@resource-id='com.zoodel.kz.uat:id/imageview_flashy_banner']/following-sibling::android.widget.ImageView})
For documentation on this error, please visit: https://www.selenium.dev/documentation/webdriver/troubleshooting/errors#no-such-element-exception
Build info: version: '4.27.0', revision: 'd6e718d134'
System info: os.name: 'Windows 11', os.arch: 'amd64', os.version: '10.0', java.version: '21.0.4'
Driver info: driver.version: RemoteWebDriver
at org.openqa.selenium.support.pagefactory.ByAll.findElement(ByAll.java:57)
at org.openqa.selenium.remote.ElementLocation$ElementFinder$1.findElement(ElementLocation.java:139)
at org.openqa.selenium.remote.ElementLocation.findElement(ElementLocation.java:59)
at org.openqa.selenium.remote.RemoteWebDriver.findElement(RemoteWebDriver.java:368)
at org.openqa.selenium.remote.RemoteWebDriver.findElement(RemoteWebDriver.java:362)
at org.openqa.selenium.support.pagefactory.DefaultElementLocator.findElement(DefaultElementLocator.java:68)
at org.openqa.selenium.support.pagefactory.internal.LocatingElementHandler.invoke(LocatingElementHandler.java:38)
at jdk.proxy2/jdk.proxy2.$Proxy17.click(Unknown Source)
at com.zoodel.utility.ElementFunctions.clickOnElement(ElementFunctions.java:10)
at com.zoodel.generic_android.BaseClassForloginUser.loginToTheApplication(BaseClassForloginUser.java:62)
at java.base/jdk.internal.reflect.DirectMethodHandleAccessor.invoke(DirectMethodHandleAccessor.java:103)
at java.base/java.lang.reflect.Method.invoke(Method.java:580)
at org.testng.internal.invokers.MethodInvocationHelper.invokeMethod(MethodInvocationHelper.java:141)
at org.testng.internal.invokers.MethodInvocationHelper.invokeMethodConsideringTimeout(MethodInvocationHelper.java:71)
at org.testng.internal.invokers.ConfigInvoker.invokeConfigurationMethod(ConfigInvoker.java:400)
at org.testng.internal.invokers.ConfigInvoker.invokeConfigurations(ConfigInvoker.java:333)
at org.testng.internal.invokers.TestInvoker.runConfigMethods(TestInvoker.java:833)
at org.testng.internal.invokers.TestInvoker.invokeMethod(TestInvoker.java:600)
at org.testng.internal.invokers.TestInvoker.invokeTestMethod(TestInvoker.java:230)
at org.testng.internal.invokers.MethodRunner.runInSequence(MethodRunner.java:63)
at org.testng.internal.invokers.TestInvoker$MethodInvocationAgent.invoke(TestInvoker.java:992)
at org.testng.internal.invokers.TestInvoker.invokeTestMethods(TestInvoker.java:203)
at org.testng.internal.invokers.TestMethodWorker.invokeTestMethods(TestMethodWorker.java:154)
at org.testng.internal.invokers.TestMethodWorker.run(TestMethodWorker.java:134)
at java.base/java.util.ArrayList.forEach(ArrayList.java:1596)
at org.testng.TestRunner.privateRun(TestRunner.java:739)
at org.testng.TestRunner.run(TestRunner.java:614)
at org.testng.SuiteRunner.runTest(SuiteRunner.java:421)
at org.testng.SuiteRunner.runSequentially(SuiteRunner.java:413)
at org.testng.SuiteRunner.privateRun(SuiteRunner.java:373)
at org.testng.SuiteRunner.run(SuiteRunner.java:312)
at org.testng.SuiteRunnerWorker.runSuite(SuiteRunnerWorker.java:52)
at org.testng.SuiteRunnerWorker.run(SuiteRunnerWorker.java:95)
at org.testng.TestNG.runSuitesSequentially(TestNG.java:1274)
at org.testng.TestNG.runSuitesLocally(TestNG.java:1208)
at org.testng.TestNG.runSuites(TestNG.java:1112)
at org.testng.TestNG.run(TestNG.java:1079)
at org.testng.remote.AbstractRemoteTestNG.run(AbstractRemoteTestNG.java:115)
at org.testng.remote.RemoteTestNG.initAndRun(RemoteTestNG.java:293)
at org.testng.remote.RemoteTestNG.main(RemoteTestNG.java:91)
]]>
    </error>
    <system-out>
      <![CDATA[Navigated to Country screen
Successfully clicked on element
[[AndroidDriver:  on ANDROID (4fba2168-f6c6-4961-b77e-d3bab3693c4f)] -> xpath: //android.widget.Button[@text='Continue']]
Successfully searched the Continue button element
Successfully clicked on element
Successfully clicked on element
Navigated to educational screen
Successfully clicked on element]]>
    </system-out>
  </testcase> <!-- loginToTheApplication -->
  <system-out>
    <![CDATA[Applicationed launched successfully
Navigated to Country screen
Successfully clicked on element
[[AndroidDriver:  on ANDROID (4fba2168-f6c6-4961-b77e-d3bab3693c4f)] -> xpath: //android.widget.Button[@text='Continue']]
Successfully searched the Continue button element
Successfully clicked on element
Successfully clicked on element
Navigated to educational screen
Successfully clicked on element
Execution started at 07-Feb-2025 10:50:09
Execution skipped at 07-Feb-2025 10:50:09
Screenshot temp path is C:\Users\ER\AppData\Local\Temp\screenshot11932568422432817510.png
Screenshot permanent path is .\Screenshot\userAbleToLoginToZood07-02-2025 10-50-10.jpg
Applicationed launched successfully
Navigated to Country screen
Successfully clicked on element
[[AndroidDriver:  on ANDROID (af5c3efe-632d-4ba3-b660-e7b12b3901a4)] -> xpath: //android.widget.Button[@text='Continue']]
Successfully searched the Continue button element
Successfully clicked on element
Successfully clicked on element
Navigated to educational screen
Successfully clicked on element
Execution started at 07-Feb-2025 10:51:01
Execution skipped at 07-Feb-2025 10:51:01
Screenshot temp path is C:\Users\ER\AppData\Local\Temp\screenshot6198504673586631083.png
Screenshot permanent path is .\Screenshot\userAbleToLoginToZood07-02-2025 10-51-02.jpg]]>
  </system-out>
</testsuite> <!-- Login.UserAbleToLoginToZoodApp2 -->
