<?xml version="1.0" encoding="UTF-8"?>
<!-- Generated by org.testng.reporters.JUnitReportReporter -->
<testsuite hostname="DESKTOP-ER" failures="0" tests="1" name="Login.UserAbleToLoginToZoodApp" time="25.247" errors="1" timestamp="2025-02-08T23:27:02 IST" skipped="0">
  <testcase classname="Login.UserAbleToLoginToZoodApp" name="userAbleToLoginToZood" time="25.247">
    <error message="An unknown server-side error occurred while processing the command. Original error: org.eclipse.wst.xml.xpath2.processor.internal.StaticFunctNameError: Function does not exist: contains arity: 1
Build info: version: &#039;4.27.0&#039;, revision: &#039;d6e718d134&#039;
System info: os.name: &#039;Windows 11&#039;, os.arch: &#039;amd64&#039;, os.version: &#039;10.0&#039;, java.version: &#039;21.0.4&#039;
Driver info: io.appium.java_client.android.AndroidDriver
Command: [d6b1e70d-7379-483e-9a01-af27b3e1937a, findElements {value=//android.widget.ImageView[contains(@resource-id=&#039;id/imgSetting&#039;)]/following-sibling::android.widget.ImageView, using=xpath}]
Capabilities {appium:app: D:/Shashank Personal/Zood A..., appium:appPackage: com.zoodel.kz.staging_main, appium:autoGrantPermissions: true, appium:automationName: UiAutomator2, appium:databaseEnabled: false, appium:desired: {app: D:/Shashank Personal/Zood A..., autoGrantPermissions: true, automationName: UiAutomator2, noReset: false, platformName: ANDROID}, appium:deviceApiLevel: 34, appium:deviceManufacturer: samsung, appium:deviceModel: SM-M336BU, appium:deviceName: RZCTA152EMN, appium:deviceScreenDensity: 450, appium:deviceScreenSize: 1080x2408, appium:deviceUDID: RZCTA152EMN, appium:javascriptEnabled: true, appium:locationContextEnabled: false, appium:networkConnectionEnabled: true, appium:noReset: false, appium:pixelRatio: 2.8125, appium:platformVersion: 14, appium:statBarHeight: 68, appium:takesScreenshot: true, appium:viewportRect: {height: 2340, left: 0, top: 68, width: 1080}, appium:warnings: {}, appium:webStorageEnabled: false, platformName: ANDROID}
Session ID: d6b1e70d-7379-483e-9a01-af27b3e1937a" type="org.openqa.selenium.WebDriverException">
      <![CDATA[org.openqa.selenium.WebDriverException: An unknown server-side error occurred while processing the command. Original error: org.eclipse.wst.xml.xpath2.processor.internal.StaticFunctNameError: Function does not exist: contains arity: 1
Build info: version: '4.27.0', revision: 'd6e718d134'
System info: os.name: 'Windows 11', os.arch: 'amd64', os.version: '10.0', java.version: '21.0.4'
Driver info: io.appium.java_client.android.AndroidDriver
Command: [d6b1e70d-7379-483e-9a01-af27b3e1937a, findElements {value=//android.widget.ImageView[contains(@resource-id='id/imgSetting')]/following-sibling::android.widget.ImageView, using=xpath}]
Capabilities {appium:app: D:/Shashank Personal/Zood A..., appium:appPackage: com.zoodel.kz.staging_main, appium:autoGrantPermissions: true, appium:automationName: UiAutomator2, appium:databaseEnabled: false, appium:desired: {app: D:/Shashank Personal/Zood A..., autoGrantPermissions: true, automationName: UiAutomator2, noReset: false, platformName: ANDROID}, appium:deviceApiLevel: 34, appium:deviceManufacturer: samsung, appium:deviceModel: SM-M336BU, appium:deviceName: RZCTA152EMN, appium:deviceScreenDensity: 450, appium:deviceScreenSize: 1080x2408, appium:deviceUDID: RZCTA152EMN, appium:javascriptEnabled: true, appium:locationContextEnabled: false, appium:networkConnectionEnabled: true, appium:noReset: false, appium:pixelRatio: 2.8125, appium:platformVersion: 14, appium:statBarHeight: 68, appium:takesScreenshot: true, appium:viewportRect: {height: 2340, left: 0, top: 68, width: 1080}, appium:warnings: {}, appium:webStorageEnabled: false, platformName: ANDROID}
Session ID: d6b1e70d-7379-483e-9a01-af27b3e1937a
at java.base/jdk.internal.reflect.DirectConstructorHandleAccessor.newInstance(DirectConstructorHandleAccessor.java:62)
at java.base/java.lang.reflect.Constructor.newInstanceWithCaller(Constructor.java:502)
at java.base/java.lang.reflect.Constructor.newInstance(Constructor.java:486)
at org.openqa.selenium.remote.ErrorCodec.decode(ErrorCodec.java:167)
at org.openqa.selenium.remote.codec.w3c.W3CHttpResponseCodec.decode(W3CHttpResponseCodec.java:138)
at org.openqa.selenium.remote.codec.w3c.W3CHttpResponseCodec.decode(W3CHttpResponseCodec.java:50)
at org.openqa.selenium.remote.HttpCommandExecutor.execute(HttpCommandExecutor.java:190)
at io.appium.java_client.remote.AppiumCommandExecutor.execute(AppiumCommandExecutor.java:237)
at org.openqa.selenium.remote.RemoteWebDriver.execute(RemoteWebDriver.java:545)
at org.openqa.selenium.remote.ElementLocation$ElementFinder$2.findElements(ElementLocation.java:182)
at org.openqa.selenium.remote.ElementLocation.findElements(ElementLocation.java:103)
at org.openqa.selenium.remote.RemoteWebDriver.findElements(RemoteWebDriver.java:381)
at org.openqa.selenium.remote.RemoteWebDriver.findElements(RemoteWebDriver.java:375)
at org.openqa.selenium.support.pagefactory.ByAll.findElement(ByAll.java:52)
at org.openqa.selenium.remote.ElementLocation$ElementFinder$1.findElement(ElementLocation.java:139)
at org.openqa.selenium.remote.ElementLocation.findElement(ElementLocation.java:59)
at org.openqa.selenium.remote.RemoteWebDriver.findElement(RemoteWebDriver.java:368)
at org.openqa.selenium.remote.RemoteWebDriver.findElement(RemoteWebDriver.java:362)
at org.openqa.selenium.support.pagefactory.DefaultElementLocator.findElement(DefaultElementLocator.java:68)
at org.openqa.selenium.support.pagefactory.internal.LocatingElementHandler.invoke(LocatingElementHandler.java:38)
at jdk.proxy2/jdk.proxy2.$Proxy17.click(Unknown Source)
at com.zoodel.utility.ElementFunctions.clickOnElement(ElementFunctions.java:15)
at Login.UserAbleToLoginToZoodApp.userAbleToLoginToZood(UserAbleToLoginToZoodApp.java:22)
at java.base/jdk.internal.reflect.DirectMethodHandleAccessor.invoke(DirectMethodHandleAccessor.java:103)
at java.base/java.lang.reflect.Method.invoke(Method.java:580)
at org.testng.internal.invokers.MethodInvocationHelper.invokeMethod(MethodInvocationHelper.java:141)
at org.testng.internal.invokers.TestInvoker.invokeMethod(TestInvoker.java:686)
at org.testng.internal.invokers.TestInvoker.invokeTestMethod(TestInvoker.java:230)
at org.testng.internal.invokers.MethodRunner.runInSequence(MethodRunner.java:63)
at org.testng.internal.invokers.TestInvoker$MethodInvocationAgent.invoke(TestInvoker.java:992)
at org.testng.internal.invokers.TestInvoker.invokeTestMethods(TestInvoker.java:203)
at org.testng.internal.invokers.TestMethodWorker.invokeTestMethods(TestMethodWorker.java:154)
at org.testng.internal.invokers.TestMethodWorker.run(TestMethodWorker.java:134)
at java.base/java.util.ArrayList.forEach(ArrayList.java:1596)
at org.testng.TestRunner.privateRun(TestRunner.java:739)
at org.testng.TestRunner.run(TestRunner.java:614)
at org.testng.SuiteRunner.runTest(SuiteRunner.java:421)
at org.testng.SuiteRunner.runSequentially(SuiteRunner.java:413)
at org.testng.SuiteRunner.privateRun(SuiteRunner.java:373)
at org.testng.SuiteRunner.run(SuiteRunner.java:312)
at org.testng.SuiteRunnerWorker.runSuite(SuiteRunnerWorker.java:52)
at org.testng.SuiteRunnerWorker.run(SuiteRunnerWorker.java:95)
at org.testng.TestNG.runSuitesSequentially(TestNG.java:1274)
at org.testng.TestNG.runSuitesLocally(TestNG.java:1208)
at org.testng.TestNG.runSuites(TestNG.java:1112)
at org.testng.TestNG.run(TestNG.java:1079)
at org.testng.remote.AbstractRemoteTestNG.run(AbstractRemoteTestNG.java:115)
at org.testng.remote.RemoteTestNG.initAndRun(RemoteTestNG.java:293)
at org.testng.remote.RemoteTestNG.main(RemoteTestNG.java:91)
]]>
    </error>
    <system-out>
      <![CDATA[Execution started at 08-Feb-2025 11:27:00
Succcessfully logged in to the application
Execution failed at 08-Feb-2025 11:27:00
Screenshot temp path is C:\Users\ER\AppData\Local\Temp\screenshot10737548696462038149.png
Screenshot permanent path is .\Screenshot\userAbleToLoginToZood08-02-2025 11-27-01.jpg]]>
    </system-out>
  </testcase> <!-- userAbleToLoginToZood -->
  <system-out>
    <![CDATA[Applicationed launched successfully
Navigated to Country screen
Successfully clicked on element
[[AndroidDriver:  on ANDROID (d6b1e70d-7379-483e-9a01-af27b3e1937a)] -> xpath: //android.widget.Button[@text='Continue']]
Successfully searched the Continue button element
Successfully clicked on element
Successfully clicked on element
Navigated to educational screen
Successfully clicked on element
Successfully clicked on element
Navigated to home screen
Successfully clicked on element
Navigated to account screen
Navigated to Login screen
Successfully enter 753159456 on element
Successfully clicked on element
Successfully enter 4386 on element
Successfully clicked on element
Execution started at 08-Feb-2025 11:27:00
Succcessfully logged in to the application
Execution failed at 08-Feb-2025 11:27:00
Screenshot temp path is C:\Users\ER\AppData\Local\Temp\screenshot10737548696462038149.png
Screenshot permanent path is .\Screenshot\userAbleToLoginToZood08-02-2025 11-27-01.jpg]]>
  </system-out>
</testsuite> <!-- Login.UserAbleToLoginToZoodApp -->
